Build started 3/27/2013 5:10:34 PM.
     1>Project "c:\Users\Matt\documents\visual studio 2010\Projects\OpenGL3DFirst\OpenGL3DFirst\OpenGL3DFirst.vcxproj" on node 2 (build target(s)).
     1>InitializeBuildStatus:
         Creating "Debug\OpenGL3DFirst.unsuccessfulbuild" because "AlwaysCreate" was specified.
       ClCompile:
         c:\Program Files (x86)\Microsoft Visual Studio 10.0\VC\bin\CL.exe /c /ZI /nologo /W3 /WX- /Od /Oy- /D WIN32 /D _DEBUG /D _CONSOLE /D _UNICODE /D UNICODE /Gm /EHsc /RTC1 /MDd /GS /fp:precise /Zc:wchar_t /Zc:forScope /Fo"Debug\\" /Fd"Debug\vc100.pdb" /Gd /TP /analyze- /errorReport:prompt main.cpp
         main.cpp
       ManifestResourceCompile:
         All outputs are up-to-date.
       Link:
         c:\Program Files (x86)\Microsoft Visual Studio 10.0\VC\bin\link.exe /ERRORREPORT:PROMPT /OUT:"c:\users\matt\documents\visual studio 2010\Projects\OpenGL3DFirst\Debug\OpenGL3DFirst.exe" /INCREMENTAL /NOLOGO kernel32.lib user32.lib gdi32.lib winspool.lib comdlg32.lib advapi32.lib shell32.lib ole32.lib oleaut32.lib uuid.lib odbc32.lib odbccp32.lib /MANIFEST /ManifestFile:"Debug\OpenGL3DFirst.exe.intermediate.manifest" /MANIFESTUAC:"level='asInvoker' uiAccess='false'" /DEBUG /PDB:"c:\users\matt\documents\visual studio 2010\Projects\OpenGL3DFirst\Debug\OpenGL3DFirst.pdb" /SUBSYSTEM:CONSOLE /TLBID:1 /DYNAMICBASE /NXCOMPAT /IMPLIB:"c:\users\matt\documents\visual studio 2010\Projects\OpenGL3DFirst\Debug\OpenGL3DFirst.lib" /MACHINE:X86 Debug\OpenGL3DFirst.exe.embed.manifest.res
         Debug\main.obj
         Debug\Tetronimo.obj
       Manifest:
         C:\Program Files (x86)\Microsoft SDKs\Windows\v7.0A\bin\mt.exe /nologo /verbose /out:"Debug\OpenGL3DFirst.exe.embed.manifest" /manifest Debug\OpenGL3DFirst.exe.intermediate.manifest
         All outputs are up-to-date.
       LinkEmbedManifest:
         All outputs are up-to-date.
         OpenGL3DFirst.vcxproj -> c:\users\matt\documents\visual studio 2010\Projects\OpenGL3DFirst\Debug\OpenGL3DFirst.exe
       FinalizeBuildStatus:
         Deleting file "Debug\OpenGL3DFirst.unsuccessfulbuild".
         Touching "Debug\OpenGL3DFirst.lastbuildstate".
     1>Done Building Project "c:\Users\Matt\documents\visual studio 2010\Projects\OpenGL3DFirst\OpenGL3DFirst\OpenGL3DFirst.vcxproj" (build target(s)).

Build succeeded.

Time Elapsed 00:00:00.34
